d:\qt_learning\countnumbersdemo\debug\main.obj
d:\qt_learning\countnumbersdemo\debug\mainwindow.obj
d:\qt_learning\countnumbersdemo\debug\uiface.obj
d:\qt_learning\countnumbersdemo\debug\countbase.obj
d:\qt_learning\countnumbersdemo\debug\countalgorithm.obj
d:\qt_learning\countnumbersdemo\debug\countbasemanage.obj
d:\qt_learning\countnumbersdemo\debug\materialmanagedialog.obj
d:\qt_learning\countnumbersdemo\debug\moc_mainwindow.obj
d:\qt_learning\countnumbersdemo\debug\moc_materialmanagedialog.obj
d:\qt_learning\countnumbersdemo\debug\vc140.pdb
d:\qt_learning\countnumbersdemo\ui_mainwindow.h
d:\qt_learning\countnumbersdemo\ui_materialmanagedialog.h
d:\qt_learning\countnumbersdemo\debug\moc_mainwindow.cpp
d:\qt_learning\countnumbersdemo\debug\moc_materialmanagedialog.cpp
d:\qt_learning\countnumbersdemo\debug\moc_predefs.h
d:\qt_learning\countnumbersdemo\debug\countnumbersdemo.ilk
d:\qt_learning\countnumbersdemo\debug\countnumbersdemo.exe
d:\qt_learning\countnumbersdemo\debug\countnumbersdemo.pdb
d:\qt_learning\countnumbersdemo\debug\countnumbersdemo.tlog\cl.command.1.tlog
d:\qt_learning\countnumbersdemo\debug\countnumbersdemo.tlog\cl.read.1.tlog
d:\qt_learning\countnumbersdemo\debug\countnumbersdemo.tlog\cl.write.1.tlog
d:\qt_learning\countnumbersdemo\debug\countnumbersdemo.tlog\countnumbersdemo.write.1u.tlog
d:\qt_learning\countnumbersdemo\debug\countnumbersdemo.tlog\custombuild.command.1.tlog
d:\qt_learning\countnumbersdemo\debug\countnumbersdemo.tlog\custombuild.read.1.tlog
d:\qt_learning\countnumbersdemo\debug\countnumbersdemo.tlog\custombuild.write.1.tlog
d:\qt_learning\countnumbersdemo\debug\countnumbersdemo.tlog\link.command.1.tlog
d:\qt_learning\countnumbersdemo\debug\countnumbersdemo.tlog\link.read.1.tlog
d:\qt_learning\countnumbersdemo\debug\countnumbersdemo.tlog\link.write.1.tlog
d:\qt_learning\countnumbersdemo\debug\countnumbersdemo.tlog\moc.read.1u.tlog
d:\qt_learning\countnumbersdemo\debug\countnumbersdemo.tlog\moc.write.1u.tlog
d:\qt_learning\countnumbersdemo\debug\countnumbersdemo.tlog\uic.read.1u.tlog
d:\qt_learning\countnumbersdemo\debug\countnumbersdemo.tlog\uic.write.1u.tlog
